🚀 Starting Creative Boardroom Environment...
Installing dependencies from requirements.txt...
Cleaning up old processes...
✅ Environment ready. Starting servers...
⏳ Waiting for backend to initialize (5s)...
INFO:     Started server process [27220]
INFO:     Started server process [27223]
INFO:     Waiting for application startup.
INFO:     Waiting for application startup.
INFO:     Application startup complete.
INFO:     Application startup complete.
INFO:     Started server process [27221]
INFO:     Waiting for application startup.
INFO:     Application startup complete.
INFO:     Started server process [27219]
INFO:     Waiting for application startup.
INFO:     Application startup complete.
INFO:     Uvicorn running on http://127.0.0.1:8002 (Press CTRL+C to quit)
INFO:     Uvicorn running on http://127.0.0.1:8003 (Press CTRL+C to quit)
INFO:     Uvicorn running on http://127.0.0.1:8005 (Press CTRL+C to quit)
INFO:     Uvicorn running on http://127.0.0.1:8001 (Press CTRL+C to quit)
INFO:     Started server process [27222]
INFO:     Waiting for application startup.
INFO:     Application startup complete.
INFO:     Uvicorn running on http://127.0.0.1:8004 (Press CTRL+C to quit)
INFO:     Started server process [27224]
INFO:     Waiting for application startup.
INFO:     Application startup complete.
INFO:     Uvicorn running on http://127.0.0.1:8000 (Press CTRL+C to quit)
🖥️ Starting Frontend...

      👋 Welcome to Streamlit!

      If you'd like to receive helpful onboarding emails, news, offers, promotions,
      and the occasional swag, please enter your email address below. Otherwise,
      leave this field blank.

      Email: [0m